<?xml version="1.0" encoding="UTF-8"?>
<!-- Generated by org.testng.reporters.JUnitXMLReporter -->
<testsuite ignored="0" hostname="DESKTOP-M47CIAF" failures="1" tests="4" name="EdgeTest" time="12.684" errors="0" timestamp="2024-09-25T16:38:12 IST">
  <testcase classname="ListenersPack.OrangeHrm_Listeners_Demo" name="demo_FailMethod" time="0.002">
    <failure type="java.lang.AssertionError" message="null">
      <![CDATA[java.lang.AssertionError: null
at ListenersPack.OrangeHrm_Listeners_Demo.demo_FailMethod(OrangeHrm_Listeners_Demo.java:50)
at java.base/java.util.ArrayList.forEach(ArrayList.java:1596)
... Removed 27 stack frames]]>
    </failure>
  </testcase> <!-- demo_FailMethod -->
  <testcase classname="ListenersPack.OrangeHrm_Listeners_Demo" name="logo_Verify" time="4.058"/>
  <testcase classname="ListenersPack.OrangeHrm_Listeners_Demo" name="field_Verify" time="0.055"/>
  <testcase classname="ListenersPack.OrangeHrm_Listeners_Demo" name="login_verify" time="0.0">
    <skipped/>
  </testcase> <!-- login_verify -->
</testsuite> <!-- EdgeTest -->
