<?xml version="1.0" encoding="UTF-8"?>
<!-- Generated by org.testng.reporters.JUnitXMLReporter -->
<testsuite ignored="0" hostname="DESKTOP-M47CIAF" failures="3" tests="4" name="FirefoxTest" time="33.632" errors="0" timestamp="2024-09-23T19:14:09 IST">
  <testcase classname="DataProviders.OrangeHrm_Login_Validation" name="LoginValidation" time="6.661"/>
  <testcase classname="DataProviders.OrangeHrm_Login_Validation" name="LoginValidation" time="3.552">
    <failure type="java.lang.AssertionError" message="null">
      <![CDATA[java.lang.AssertionError: null
at DataProviders.OrangeHrm_Login_Validation.LoginValidation(OrangeHrm_Login_Validation.java:47)
at java.base/java.util.ArrayList.forEach(ArrayList.java:1596)
at java.base/java.util.concurrent.FutureTask.run(FutureTask.java:317)
at java.base/java.util.concurrent.ThreadPoolExecutor.runWorker(ThreadPoolExecutor.java:1144)
at java.base/java.util.concurrent.ThreadPoolExecutor$Worker.run(ThreadPoolExecutor.java:642)
at java.base/java.lang.Thread.run(Thread.java:1583)
... Removed 18 stack frames]]>
    </failure>
  </testcase> <!-- LoginValidation -->
  <testcase classname="DataProviders.OrangeHrm_Login_Validation" name="LoginValidation" time="3.406">
    <failure type="java.lang.AssertionError" message="null">
      <![CDATA[java.lang.AssertionError: null
at DataProviders.OrangeHrm_Login_Validation.LoginValidation(OrangeHrm_Login_Validation.java:47)
at java.base/java.util.ArrayList.forEach(ArrayList.java:1596)
at java.base/java.util.concurrent.FutureTask.run(FutureTask.java:317)
at java.base/java.util.concurrent.ThreadPoolExecutor.runWorker(ThreadPoolExecutor.java:1144)
at java.base/java.util.concurrent.ThreadPoolExecutor$Worker.run(ThreadPoolExecutor.java:642)
at java.base/java.lang.Thread.run(Thread.java:1583)
... Removed 18 stack frames]]>
    </failure>
  </testcase> <!-- LoginValidation -->
  <testcase classname="DataProviders.OrangeHrm_Login_Validation" name="LoginValidation" time="2.897">
    <failure type="java.lang.AssertionError" message="null">
      <![CDATA[java.lang.AssertionError: null
at DataProviders.OrangeHrm_Login_Validation.LoginValidation(OrangeHrm_Login_Validation.java:47)
at java.base/java.util.ArrayList.forEach(ArrayList.java:1596)
at java.base/java.util.concurrent.FutureTask.run(FutureTask.java:317)
at java.base/java.util.concurrent.ThreadPoolExecutor.runWorker(ThreadPoolExecutor.java:1144)
at java.base/java.util.concurrent.ThreadPoolExecutor$Worker.run(ThreadPoolExecutor.java:642)
at java.base/java.lang.Thread.run(Thread.java:1583)
... Removed 18 stack frames]]>
    </failure>
  </testcase> <!-- LoginValidation -->
</testsuite> <!-- FirefoxTest -->
