<?xml version="1.0" encoding="UTF-8"?>
<!-- Generated by org.testng.reporters.JUnitXMLReporter -->
<testsuite ignored="3" hostname="DESKTOP-M47CIAF" failures="0" tests="5" name="groupTest" time="0.038" errors="0" timestamp="2024-08-13T21:05:08 IST">
  <testcase classname="Grouping.Login" name="test_LoginViaEmail" time="0.007"/>
  <testcase classname="Grouping.Login" name="test_LoginViaNumber" time="0.001"/>
  <testcase classname="Grouping.Login" name="test_LoginViaFacebook" time="0.001"/>
  <testcase classname="Grouping.Payment" name="test_paymentByMastercard" time="0.001"/>
  <testcase classname="Grouping.Payment" name="test_paymentByVisa" time="0.001"/>
  <testcase classname="Grouping.Signup" name="test_SignupViaFacebook" time="0.0">
    <ignored/>
  </testcase> <!-- test_SignupViaFacebook -->
  <testcase classname="Grouping.Signup" name="test_SignupViaNumber" time="0.0">
    <ignored/>
  </testcase> <!-- test_SignupViaNumber -->
  <testcase classname="Grouping.Signup" name="test_SignupViaEmail" time="0.0">
    <ignored/>
  </testcase> <!-- test_SignupViaEmail -->
</testsuite> <!-- groupTest -->
